info it worked if it ends with ok
verbose cli [ 'node', '/usr/bin/npm', 'install', 'mrt' ]
info using npm@1.1.4
info using node@v0.6.12
verbose config file /home/eduthie/.npmrc
verbose config file /usr/etc/npmrc
verbose config file /usr/share/npm/npmrc
verbose cache add [ 'mrt', null ]
silly cache add: name, spec, args [ undefined, 'mrt', [ 'mrt', null ] ]
verbose parsed url { pathname: 'mrt', path: 'mrt', href: 'mrt' }
verbose addNamed [ 'mrt', '' ]
verbose addNamed [ null, '' ]
silly name, range, hasData [ 'mrt', '', false ]
verbose raw, before any munging mrt
verbose url resolving [ 'https://registry.npmjs.org/', './mrt' ]
verbose url resolved https://registry.npmjs.org/mrt
http GET https://registry.npmjs.org/mrt
ERR! Error: failed to fetch from registry: mrt
ERR!     at /usr/share/npm/lib/utils/npm-registry-client/get.js:139:12
ERR!     at cb (/usr/share/npm/lib/utils/npm-registry-client/request.js:31:9)
ERR!     at Request._callback (/usr/share/npm/lib/utils/npm-registry-client/request.js:136:18)
ERR!     at Request.callback (/usr/lib/nodejs/request/main.js:119:22)
ERR!     at Request.<anonymous> (/usr/lib/nodejs/request/main.js:212:58)
ERR!     at Request.emit (events.js:88:20)
ERR!     at ClientRequest.<anonymous> (/usr/lib/nodejs/request/main.js:412:12)
ERR!     at ClientRequest.emit (events.js:67:17)
ERR!     at HTTPParser.onIncoming (http.js:1261:11)
ERR!     at HTTPParser.onHeadersComplete (http.js:102:31)
ERR! You may report this log at:
ERR!     <http://bugs.debian.org/npm>
ERR! or use
ERR!     reportbug --attach /home/eduthie/code/kim-vu/kim-vu/npm-debug.log npm
ERR! 
ERR! System Linux 3.8.0-29-generic
ERR! command "node" "/usr/bin/npm" "install" "mrt"
ERR! cwd /home/eduthie/code/kim-vu/kim-vu
ERR! node -v v0.6.12
ERR! npm -v 1.1.4
ERR! message failed to fetch from registry: mrt
verbose exit [ 1, true ]
